[2023-11-09 03:36:58:152680] [32m[restartedMain][0;39m [31mWARN [0;39m [1;37m[org.hibernate.engine.jdbc.env.internal.JdbcEnvironmentInitiator.initiateService:[33m244[0;39m][0;39m - HHH000342: Could not obtain connection to query metadata
java.lang.RuntimeException: Driver org.mariadb.jdbc.Driver claims to not accept jdbcUrl, ${DATABASE_URL}?allowPublicKeyRetrieval=true&useSSL=false
	at com.zaxxer.hikari.util.DriverDataSource.<init>(DriverDataSource.java:110)
	at com.zaxxer.hikari.pool.PoolBase.initializeDataSource(PoolBase.java:326)
	at com.zaxxer.hikari.pool.PoolBase.<init>(PoolBase.java:112)
	at com.zaxxer.hikari.pool.HikariPool.<init>(HikariPool.java:93)
	at com.zaxxer.hikari.HikariDataSource.getConnection(HikariDataSource.java:112)
	at org.hibernate.engine.jdbc.connections.internal.DatasourceConnectionProviderImpl.getConnection(DatasourceConnectionProviderImpl.java:122)
	at org.hibernate.engine.jdbc.env.internal.JdbcEnvironmentInitiator$ConnectionProviderJdbcConnectionAccess.obtainConnection(JdbcEnvironmentInitiator.java:316)
	at org.hibernate.engine.jdbc.env.internal.JdbcEnvironmentInitiator.initiateService(JdbcEnvironmentInitiator.java:152)
	at org.hibernate.engine.jdbc.env.internal.JdbcEnvironmentInitiator.initiateService(JdbcEnvironmentInitiator.java:34)
	at org.hibernate.boot.registry.internal.StandardServiceRegistryImpl.initiateService(StandardServiceRegistryImpl.java:119)
	at org.hibernate.service.internal.AbstractServiceRegistryImpl.createService(AbstractServiceRegistryImpl.java:264)
	at org.hibernate.service.internal.AbstractServiceRegistryImpl.initializeService(AbstractServiceRegistryImpl.java:239)
	at org.hibernate.service.internal.AbstractServiceRegistryImpl.getService(AbstractServiceRegistryImpl.java:216)
	at org.hibernate.boot.model.relational.Database.<init>(Database.java:45)
	at org.hibernate.boot.internal.InFlightMetadataCollectorImpl.getDatabase(InFlightMetadataCollectorImpl.java:231)
	at org.hibernate.boot.internal.InFlightMetadataCollectorImpl.<init>(InFlightMetadataCollectorImpl.java:199)
	at org.hibernate.boot.model.process.spi.MetadataBuildingProcess.complete(MetadataBuildingProcess.java:169)
	at org.hibernate.jpa.boot.internal.EntityManagerFactoryBuilderImpl.metadata(EntityManagerFactoryBuilderImpl.java:1380)
	at org.hibernate.jpa.boot.internal.EntityManagerFactoryBuilderImpl.build(EntityManagerFactoryBuilderImpl.java:1451)
	at org.springframework.orm.jpa.vendor.SpringHibernateJpaPersistenceProvider.createContainerEntityManagerFactory(SpringHibernateJpaPersistenceProvider.java:75)
	at org.springframework.orm.jpa.LocalContainerEntityManagerFactoryBean.createNativeEntityManagerFactory(LocalContainerEntityManagerFactoryBean.java:376)
	at org.springframework.orm.jpa.AbstractEntityManagerFactoryBean.buildNativeEntityManagerFactory(AbstractEntityManagerFactoryBean.java:409)
	at org.springframework.orm.jpa.AbstractEntityManagerFactoryBean.afterPropertiesSet(AbstractEntityManagerFactoryBean.java:396)
	at org.springframework.orm.jpa.LocalContainerEntityManagerFactoryBean.afterPropertiesSet(LocalContainerEntityManagerFactoryBean.java:352)
	at org.springframework.beans.factory.support.AbstractAutowireCapableBeanFactory.invokeInitMethods(AbstractAutowireCapableBeanFactory.java:1817)
	at org.springframework.beans.factory.support.AbstractAutowireCapableBeanFactory.initializeBean(AbstractAutowireCapableBeanFactory.java:1766)
	at org.springframework.beans.factory.support.AbstractAutowireCapableBeanFactory.doCreateBean(AbstractAutowireCapableBeanFactory.java:598)
	at org.springframework.beans.factory.support.AbstractAutowireCapableBeanFactory.createBean(AbstractAutowireCapableBeanFactory.java:520)
	at org.springframework.beans.factory.support.AbstractBeanFactory.lambda$doGetBean$0(AbstractBeanFactory.java:325)
	at org.springframework.beans.factory.support.DefaultSingletonBeanRegistry.getSingleton(DefaultSingletonBeanRegistry.java:234)
	at org.springframework.beans.factory.support.AbstractBeanFactory.doGetBean(AbstractBeanFactory.java:323)
	at org.springframework.beans.factory.support.AbstractBeanFactory.getBean(AbstractBeanFactory.java:199)
	at org.springframework.context.support.AbstractApplicationContext.getBean(AbstractApplicationContext.java:1158)
	at org.springframework.context.support.AbstractApplicationContext.finishBeanFactoryInitialization(AbstractApplicationContext.java:932)
	at org.springframework.context.support.AbstractApplicationContext.refresh(AbstractApplicationContext.java:608)
	at org.springframework.boot.web.servlet.context.ServletWebServerApplicationContext.refresh(ServletWebServerApplicationContext.java:146)
	at org.springframework.boot.SpringApplication.refresh(SpringApplication.java:737)
	at org.springframework.boot.SpringApplication.refreshContext(SpringApplication.java:439)
	at org.springframework.boot.SpringApplication.run(SpringApplication.java:315)
	at org.springframework.boot.SpringApplication.run(SpringApplication.java:1309)
	at org.springframework.boot.SpringApplication.run(SpringApplication.java:1298)
	at com.kakao.techcampus.wekiki.WekikiApplication.main(WekikiApplication.java:10)
	at java.base/jdk.internal.reflect.NativeMethodAccessorImpl.invoke0(Native Method)
	at java.base/jdk.internal.reflect.NativeMethodAccessorImpl.invoke(NativeMethodAccessorImpl.java:77)
	at java.base/jdk.internal.reflect.DelegatingMethodAccessorImpl.invoke(DelegatingMethodAccessorImpl.java:43)
	at java.base/java.lang.reflect.Method.invoke(Method.java:568)
	at org.springframework.boot.devtools.restart.RestartLauncher.run(RestartLauncher.java:50)
[2023-11-09 03:36:58:152701] [32m[restartedMain][0;39m [31mWARN [0;39m [1;37m[org.springframework.context.support.AbstractApplicationContext.refresh:[33m616[0;39m][0;39m - Exception encountered during context initialization - cancelling refresh attempt: org.springframework.beans.factory.BeanCreationException: Error creating bean with name 'entityManagerFactory' defined in class path resource [org/springframework/boot/autoconfigure/orm/jpa/HibernateJpaConfiguration.class]: Unable to create requested service [org.hibernate.engine.jdbc.env.spi.JdbcEnvironment] due to: Unable to determine Dialect without JDBC metadata (please set 'javax.persistence.jdbc.url', 'hibernate.connection.url', or 'hibernate.dialect')
[2023-11-09 03:38:24:14403] [32m[restartedMain][0;39m [31mWARN [0;39m [1;37m[org.springframework.core.LocalVariableTableParameterNameDiscoverer.inspectClass:[33m123[0;39m][0;39m - Using deprecated '-debug' fallback for parameter name resolution. Compile the affected code with '-parameters' instead or avoid its introspection: com.kakao.techcampus.wekiki.post.PostJPARepository
[2023-11-09 03:38:25:15350] [32m[restartedMain][0;39m [31mWARN [0;39m [1;37m[org.springframework.core.LocalVariableTableParameterNameDiscoverer.inspectClass:[33m123[0;39m][0;39m - Using deprecated '-debug' fallback for parameter name resolution. Compile the affected code with '-parameters' instead or avoid its introspection: com.kakao.techcampus.wekiki.page.PageJPARepository
[2023-11-09 03:40:09:119174] [32m[http-nio-8080-exec-2][0;39m [31mWARN [0;39m [1;37m[org.springframework.web.servlet.handler.AbstractHandlerExceptionResolver.logException:[33m207[0;39m][0;39m - Resolved [org.springframework.web.bind.MethodArgumentNotValidException: Validation failed for argument [0] in public org.springframework.http.ResponseEntity<?> com.kakao.techcampus.wekiki.member.MemberController.signUp(com.kakao.techcampus.wekiki.member.MemberRequest$signUpRequestDTO): [Field error in object 'signUpRequestDTO' on field 'password': rejected value [1234!]; codes [Pattern.signUpRequestDTO.password,Pattern.password,Pattern.java.lang.String,Pattern]; arguments [org.springframework.context.support.DefaultMessageSourceResolvable: codes [signUpRequestDTO.password,password]; arguments []; default message [password],[Ljakarta.validation.constraints.Pattern$Flag;@45662a21,^(?=.*[a-zA-Z])(?=.*[0-9]).{8,20}$]; default message [(8~20자 영문과 숫자)]] ]
[2023-11-09 03:41:32:201788] [32m[SpringApplicationShutdownHook][0;39m [31mWARN [0;39m [1;37m[org.springframework.beans.factory.support.DisposableBeanAdapter.destroy:[33m210[0;39m][0;39m - Invocation of destroy method failed on bean with name 'inMemoryDatabaseShutdownExecutor': org.h2.jdbc.JdbcSQLNonTransientConnectionException: Database is already closed (to disable automatic closing at VM shutdown, add ";DB_CLOSE_ON_EXIT=FALSE" to the db URL) [90121-214]
[2023-11-09 03:42:46:20493] [32m[restartedMain][0;39m [31mWARN [0;39m [1;37m[org.springframework.core.LocalVariableTableParameterNameDiscoverer.inspectClass:[33m123[0;39m][0;39m - Using deprecated '-debug' fallback for parameter name resolution. Compile the affected code with '-parameters' instead or avoid its introspection: com.kakao.techcampus.wekiki.post.PostJPARepository
[2023-11-09 03:42:47:21175] [32m[restartedMain][0;39m [31mWARN [0;39m [1;37m[org.springframework.core.LocalVariableTableParameterNameDiscoverer.inspectClass:[33m123[0;39m][0;39m - Using deprecated '-debug' fallback for parameter name resolution. Compile the affected code with '-parameters' instead or avoid its introspection: com.kakao.techcampus.wekiki.page.PageJPARepository
[2023-11-09 03:42:57:31170] [32m[http-nio-8080-exec-2][0;39m [31mWARN [0;39m [1;37m[org.springframework.web.servlet.handler.AbstractHandlerExceptionResolver.logException:[33m207[0;39m][0;39m - Resolved [org.springframework.web.bind.MethodArgumentNotValidException: Validation failed for argument [0] in public org.springframework.http.ResponseEntity<?> com.kakao.techcampus.wekiki.member.MemberController.signUp(com.kakao.techcampus.wekiki.member.MemberRequest$signUpRequestDTO): [Field error in object 'signUpRequestDTO' on field 'password': rejected value [1234!]; codes [Pattern.signUpRequestDTO.password,Pattern.password,Pattern.java.lang.String,Pattern]; arguments [org.springframework.context.support.DefaultMessageSourceResolvable: codes [signUpRequestDTO.password,password]; arguments []; default message [password],[Ljakarta.validation.constraints.Pattern$Flag;@253e3632,^(?=.*[a-zA-Z])(?=.*[0-9]).{8,20}$]; default message [(8~20자 영문과 숫자)]] ]
[2023-11-09 03:44:31:125314] [32m[SpringApplicationShutdownHook][0;39m [31mWARN [0;39m [1;37m[org.springframework.beans.factory.support.DisposableBeanAdapter.destroy:[33m210[0;39m][0;39m - Invocation of destroy method failed on bean with name 'inMemoryDatabaseShutdownExecutor': org.h2.jdbc.JdbcSQLNonTransientConnectionException: Database is already closed (to disable automatic closing at VM shutdown, add ";DB_CLOSE_ON_EXIT=FALSE" to the db URL) [90121-214]
[2023-11-09 03:46:42:26565] [32m[restartedMain][0;39m [31mWARN [0;39m [1;37m[org.springframework.core.LocalVariableTableParameterNameDiscoverer.inspectClass:[33m123[0;39m][0;39m - Using deprecated '-debug' fallback for parameter name resolution. Compile the affected code with '-parameters' instead or avoid its introspection: com.kakao.techcampus.wekiki.post.PostJPARepository
[2023-11-09 03:46:43:27315] [32m[restartedMain][0;39m [31mWARN [0;39m [1;37m[org.springframework.core.LocalVariableTableParameterNameDiscoverer.inspectClass:[33m123[0;39m][0;39m - Using deprecated '-debug' fallback for parameter name resolution. Compile the affected code with '-parameters' instead or avoid its introspection: com.kakao.techcampus.wekiki.page.PageJPARepository
[2023-11-09 03:48:14:118808] [32m[http-nio-8080-exec-4][0;39m [31mWARN [0;39m [1;37m[org.springframework.web.servlet.handler.AbstractHandlerExceptionResolver.logException:[33m207[0;39m][0;39m - Resolved [org.springframework.web.bind.MethodArgumentNotValidException: Validation failed for argument [0] in public org.springframework.http.ResponseEntity<?> com.kakao.techcampus.wekiki.member.MemberController.signUp(com.kakao.techcampus.wekiki.member.MemberRequest$signUpRequestDTO): [Field error in object 'signUpRequestDTO' on field 'nickName': rejected value [회원2]; codes [Pattern.signUpRequestDTO.nickName,Pattern.nickName,Pattern.java.lang.String,Pattern]; arguments [org.springframework.context.support.DefaultMessageSourceResolvable: codes [signUpRequestDTO.nickName,nickName]; arguments []; default message [nickName],[Ljakarta.validation.constraints.Pattern$Flag;@1a1cdc42,^[가-힣a-zA-Z]{2,10}$]; default message [(2~10자 한글, 영어)]] ]
[2023-11-09 03:49:07:171423] [32m[http-nio-8080-exec-9][0;39m [31mWARN [0;39m [1;37m[org.springframework.web.servlet.handler.AbstractHandlerExceptionResolver.logException:[33m207[0;39m][0;39m - Resolved [com.kakao.techcampus.wekiki._core.error.exception.Exception400: 비밀번호가 틀렸습니다.]
[2023-11-09 03:50:42:266796] [32m[SpringApplicationShutdownHook][0;39m [31mWARN [0;39m [1;37m[org.springframework.beans.factory.support.DisposableBeanAdapter.destroy:[33m210[0;39m][0;39m - Invocation of destroy method failed on bean with name 'inMemoryDatabaseShutdownExecutor': org.h2.jdbc.JdbcSQLNonTransientConnectionException: Database is already closed (to disable automatic closing at VM shutdown, add ";DB_CLOSE_ON_EXIT=FALSE" to the db URL) [90121-214]
